<?xml version="1.0" encoding="UTF-8"?>
<!-- Generated by org.testng.reporters.JUnitReportReporter -->
<testsuite hostname="INMAA3BL0882" failures="0" tests="1" name="selenium.selenium.NewTest" time="6.044" errors="0" timestamp="2023-08-23T16:55:12 IST" skipped="0">
  <testcase classname="selenium.selenium.NewTest" name="f" time="6.044"/>
  <system-out/>
</testsuite> <!-- selenium.selenium.NewTest -->
